<?xml version="1.0" encoding="UTF-8"?>
<!-- Generated by org.testng.reporters.JUnitReportReporter -->
<testsuite hostname="LAPTOP-B2VDAEHV" failures="0" tests="3" name="prashant_sauce_demo_automation_tests.LoginTest" time="19.654" errors="0" timestamp="2024-03-01T00:37:16 IST" skipped="0">
  <testcase classname="prashant_sauce_demo_automation_tests.LoginTest" name="invalidLoginTest" time="6.944"/>
  <system-out/>
  <testcase classname="prashant_sauce_demo_automation_tests.LoginTest" name="validLoginTest" time="7.376"/>
  <system-out/>
  <testcase classname="prashant_sauce_demo_automation_tests.LoginTest" name="lockedUserLoginTest" time="5.334"/>
  <system-out/>
</testsuite> <!-- prashant_sauce_demo_automation_tests.LoginTest -->
