<?xml version="1.0" encoding="UTF-8"?>
<!-- Generated by org.testng.reporters.JUnitReportReporter -->
<testsuite hostname="LAPTOP-B2VDAEHV" failures="0" tests="1" name="prashant_sauce_demo_automation_tests.CartTest" time="0.961" errors="0" timestamp="2024-02-28T02:24:34 IST" skipped="0">
  <testcase classname="prashant_sauce_demo_automation_tests.CartTest" name="verifyItemsAddedToCart" time="0.961"/>
  <system-out/>
</testsuite> <!-- prashant_sauce_demo_automation_tests.CartTest -->
