<?xml version="1.0" encoding="UTF-8"?>
<!-- Generated by org.testng.reporters.JUnitReportReporter -->
<testsuite hostname="LAPTOP-B2VDAEHV" failures="0" tests="4" name="prashant_sauce_demo_automation_tests.InventoryTest" time="1.169" errors="0" timestamp="2024-02-28T23:25:55 IST" skipped="0">
  <testcase classname="prashant_sauce_demo_automation_tests.InventoryTest" name="addToCart" time="0.744"/>
  <system-out/>
  <testcase classname="prashant_sauce_demo_automation_tests.InventoryTest" name="verifyInventoryCount" time="0.018"/>
  <system-out/>
  <testcase classname="prashant_sauce_demo_automation_tests.InventoryTest" name="sortByPrice" time="0.196"/>
  <system-out/>
  <testcase classname="prashant_sauce_demo_automation_tests.InventoryTest" name="verifyInventorySortingByPrice" time="0.211"/>
  <system-out/>
</testsuite> <!-- prashant_sauce_demo_automation_tests.InventoryTest -->
