<?xml version="1.0" encoding="UTF-8"?>
<!-- Generated by org.testng.reporters.JUnitReportReporter -->
<testsuite hostname="LAPTOP-B2VDAEHV" failures="0" tests="4" name="prashant_sauce_demo_automation_tests.CheckoutStepOneTest" time="7.697" errors="0" timestamp="2024-03-01T00:37:16 IST" skipped="0">
  <testcase classname="prashant_sauce_demo_automation_tests.CheckoutStepOneTest" name="verifyErrorforPostalCode" time="3.156"/>
  <system-out/>
  <testcase classname="prashant_sauce_demo_automation_tests.CheckoutStepOneTest" name="verifyErrorforLastName" time="1.519"/>
  <system-out/>
  <testcase classname="prashant_sauce_demo_automation_tests.CheckoutStepOneTest" name="verifyErrorforFirstName" time="1.471"/>
  <system-out/>
  <testcase classname="prashant_sauce_demo_automation_tests.CheckoutStepOneTest" name="verifyNavigationtoCheckoutpageTwo" time="1.551"/>
  <system-out/>
</testsuite> <!-- prashant_sauce_demo_automation_tests.CheckoutStepOneTest -->
