<?xml version="1.0" encoding="UTF-8"?>
<!-- Generated by org.testng.reporters.JUnitReportReporter -->
<testsuite hostname="LAPTOP-B2VDAEHV" failures="0" tests="4" name="prashant_sauce_demo_automation_tests.InventoryTest" time="1.065" errors="0" timestamp="2024-03-01T00:37:16 IST" skipped="0">
  <testcase classname="prashant_sauce_demo_automation_tests.InventoryTest" name="addToCart" time="0.667"/>
  <system-out/>
  <testcase classname="prashant_sauce_demo_automation_tests.InventoryTest" name="verifyInventoryCount" time="0.022"/>
  <system-out/>
  <testcase classname="prashant_sauce_demo_automation_tests.InventoryTest" name="sortByPrice" time="0.194"/>
  <system-out/>
  <testcase classname="prashant_sauce_demo_automation_tests.InventoryTest" name="verifyInventorySortingByPrice" time="0.182"/>
  <system-out/>
</testsuite> <!-- prashant_sauce_demo_automation_tests.InventoryTest -->
