<?xml version="1.0" encoding="UTF-8"?>
<!-- Generated by org.testng.reporters.JUnitReportReporter -->
<testsuite hostname="LAPTOP-B2VDAEHV" failures="0" tests="3" name="prashant_sauce_demo_automation_tests.LoginTest" time="22.668" errors="0" timestamp="2024-02-28T23:25:55 IST" skipped="0">
  <testcase classname="prashant_sauce_demo_automation_tests.LoginTest" name="lockedUserLoginTest" time="6.550"/>
  <system-out/>
  <testcase classname="prashant_sauce_demo_automation_tests.LoginTest" name="invalidLoginTest" time="11.053"/>
  <system-out/>
  <testcase classname="prashant_sauce_demo_automation_tests.LoginTest" name="validLoginTest" time="5.065"/>
  <system-out/>
</testsuite> <!-- prashant_sauce_demo_automation_tests.LoginTest -->
