<?xml version="1.0" encoding="UTF-8"?>
<!-- Generated by org.testng.reporters.JUnitReportReporter -->
<testsuite hostname="LAPTOP-B2VDAEHV" failures="0" tests="1" name="prashant_sauce_demo_automation_tests.CartTest" time="0.818" errors="0" timestamp="2024-03-01T00:37:16 IST" skipped="0">
  <testcase classname="prashant_sauce_demo_automation_tests.CartTest" name="verifyItemsAddedToCart" time="0.818"/>
  <system-out/>
</testsuite> <!-- prashant_sauce_demo_automation_tests.CartTest -->
