<?xml version="1.0" encoding="UTF-8"?>
<!-- Generated by org.testng.reporters.JUnitReportReporter -->
<testsuite hostname="LAPTOP-B2VDAEHV" failures="0" tests="3" name="prashant_sauce_demo_automation_tests.LoginTest" time="22.756" errors="0" timestamp="2024-02-28T02:24:34 IST" skipped="0">
  <testcase classname="prashant_sauce_demo_automation_tests.LoginTest" name="lockedUserLoginTest" time="5.802"/>
  <system-out/>
  <testcase classname="prashant_sauce_demo_automation_tests.LoginTest" name="invalidLoginTest" time="11.010"/>
  <system-out/>
  <testcase classname="prashant_sauce_demo_automation_tests.LoginTest" name="validLoginTest" time="5.944"/>
  <system-out/>
</testsuite> <!-- prashant_sauce_demo_automation_tests.LoginTest -->
